#! /opt/homebrew/Cellar/icarus-verilog/11.0/bin/vvp
:ivl_version "11.0 (stable)";
:ivl_delay_selection "TYPICAL";
:vpi_time_precision - 12;
:vpi_module "/opt/homebrew/Cellar/icarus-verilog/11.0/lib/ivl/system.vpi";
:vpi_module "/opt/homebrew/Cellar/icarus-verilog/11.0/lib/ivl/vhdl_sys.vpi";
:vpi_module "/opt/homebrew/Cellar/icarus-verilog/11.0/lib/ivl/vhdl_textio.vpi";
:vpi_module "/opt/homebrew/Cellar/icarus-verilog/11.0/lib/ivl/v2005_math.vpi";
:vpi_module "/opt/homebrew/Cellar/icarus-verilog/11.0/lib/ivl/va_math.vpi";
S_0x130f05500 .scope module, "and2_tb" "and2_tb" 2 3;
 .timescale -9 -12;
v0x130f19b30_0 .var "a", 0 0;
v0x130f19bd0_0 .var "b", 0 0;
v0x130f19c80_0 .net "c", 0 0, L_0x130f19d50;  1 drivers
S_0x130f05670 .scope module, "uut" "and2" 2 7, 3 1 0, S_0x130f05500;
 .timescale -9 -12;
    .port_info 0 /INPUT 1 "x";
    .port_info 1 /INPUT 1 "y";
    .port_info 2 /OUTPUT 1 "z";
L_0x130f19d50 .functor AND 1, v0x130f19b30_0, v0x130f19bd0_0, C4<1>, C4<1>;
v0x130f04910_0 .net "x", 0 0, v0x130f19b30_0;  1 drivers
v0x130f19990_0 .net "y", 0 0, v0x130f19bd0_0;  1 drivers
v0x130f19a30_0 .net "z", 0 0, L_0x130f19d50;  alias, 1 drivers
    .scope S_0x130f05500;
T_0 ;
    %pushi/vec4 0, 0, 1;
    %store/vec4 v0x130f19b30_0, 0, 1;
    %pushi/vec4 0, 0, 1;
    %store/vec4 v0x130f19bd0_0, 0, 1;
    %delay 10000, 0;
    %pushi/vec4 0, 0, 1;
    %store/vec4 v0x130f19b30_0, 0, 1;
    %pushi/vec4 1, 0, 1;
    %store/vec4 v0x130f19bd0_0, 0, 1;
    %delay 10000, 0;
    %pushi/vec4 1, 0, 1;
    %store/vec4 v0x130f19b30_0, 0, 1;
    %pushi/vec4 0, 0, 1;
    %store/vec4 v0x130f19bd0_0, 0, 1;
    %delay 10000, 0;
    %pushi/vec4 1, 0, 1;
    %store/vec4 v0x130f19b30_0, 0, 1;
    %pushi/vec4 1, 0, 1;
    %store/vec4 v0x130f19bd0_0, 0, 1;
    %delay 10000, 0;
    %vpi_call 2 13 "$finish" {0 0 0};
    %end;
    .thread T_0;
    .scope S_0x130f05500;
T_1 ;
    %vpi_call 2 16 "$dumpfile", "and2.vcd" {0 0 0};
    %vpi_call 2 17 "$dumpvars", 32'sb00000000000000000000000000000000, S_0x130f05500 {0 0 0};
    %vpi_call 2 19 "$monitor", "a=%b   b=%b    c=%b", v0x130f19b30_0, v0x130f19bd0_0, v0x130f19c80_0 {0 0 0};
    %end;
    .thread T_1;
# The file index is used to find the file name in the following table.
:file_names 4;
    "N/A";
    "<interactive>";
    "and2_tb.v";
    "./and2.v";
